app/build/intermediates/manifest_merge_blame_file/debug/processDebugMainManifest/manifest-merger-blame-debug-report.txt
1<?xml version="1.0" encoding="utf-8"?>
2<manifest xmlns:android="http://schemas.android.com/apk/res/android"
3    package="dev.aurakai.auraframefx.app.debug"
4    android:versionCode="1"
5    android:versionName="1.0-DEBUG" >
6
7    <uses-sdk
8        android:minSdkVersion="34"
9        android:targetSdkVersion="36" />
10
11    <uses-permission android:name="android.permission.INTERNET" />
11-->src\main\AndroidManifest.xml:6:5-67
11-->src\main\AndroidManifest.xml:6:22-64
12    <uses-permission android:name="android.permission.ACCESS_NETWORK_STATE" />
12-->src\main\AndroidManifest.xml:7:5-79
12-->src\main\AndroidManifest.xml:7:22-76
13    <uses-permission android:name="android.permission.VIBRATE" />
13-->src\main\AndroidManifest.xml:8:5-66
13-->src\main\AndroidManifest.xml:8:22-63
14    <uses-permission android:name="android.permission.RECEIVE_BOOT_COMPLETED" />
14-->src\main\AndroidManifest.xml:9:5-81
14-->src\main\AndroidManifest.xml:9:22-78
15    <uses-permission android:name="android.permission.FOREGROUND_SERVICE_DATA_SYNC" />
15-->src\main\AndroidManifest.xml:10:5-87
15-->src\main\AndroidManifest.xml:10:22-84
16    <uses-permission android:name="android.permission.WAKE_LOCK" />
16-->src\main\AndroidManifest.xml:11:5-68
16-->src\main\AndroidManifest.xml:11:22-65
17    <uses-permission android:name="android.permission.POST_NOTIFICATIONS" />
17-->src\main\AndroidManifest.xml:12:5-77
17-->src\main\AndroidManifest.xml:12:22-74
18
19    <!-- Optional permissions -->
20    <uses-permission android:name="android.permission.CAMERA" />
20-->src\main\AndroidManifest.xml:15:5-65
20-->src\main\AndroidManifest.xml:15:22-62
21    <uses-permission android:name="android.permission.RECORD_AUDIO" />
21-->src\main\AndroidManifest.xml:16:5-71
21-->src\main\AndroidManifest.xml:16:22-68
22    <uses-permission android:name="android.permission.ACCESS_FINE_LOCATION" />
22-->src\main\AndroidManifest.xml:17:5-79
22-->src\main\AndroidManifest.xml:17:22-76
23    <uses-permission android:name="android.permission.ACCESS_COARSE_LOCATION" />
23-->src\main\AndroidManifest.xml:18:5-81
23-->src\main\AndroidManifest.xml:18:22-78
24
25    <!-- Optional features -->
26    <uses-feature
26-->src\main\AndroidManifest.xml:21:5-23:36
27        android:name="android.hardware.camera"
27-->src\main\AndroidManifest.xml:22:9-47
28        android:required="false" />
28-->src\main\AndroidManifest.xml:23:9-33
29    <uses-feature android:name="android.hardware.microphone" />
29-->src\main\AndroidManifest.xml:24:5-64
29-->src\main\AndroidManifest.xml:24:19-61
30
31    <!-- Custom permission -->
32    <permission
32-->src\main\AndroidManifest.xml:27:5-29:47
33        android:name="dev.aurakai.auraframefx.permission.RECEIVE_INTEGRITY_VIOLATION"
33-->src\main\AndroidManifest.xml:28:9-86
34        android:protectionLevel="signature" />
34-->src\main\AndroidManifest.xml:29:9-44
35
36    <uses-permission android:name="android.permission.WRITE_EXTERNAL_STORAGE" />
37    <uses-permission android:name="android.permission.READ_PHONE_STATE" />
38    <uses-permission android:name="android.permission.READ_EXTERNAL_STORAGE" /> <!-- Required by older versions of Google Play services to create IID tokens -->
39    <uses-permission android:name="com.google.android.c2dm.permission.RECEIVE" />
39-->[com.google.firebase:firebase-messaging:25.0.1] AndroidManifest.xml:26:5-82
39-->[com.google.firebase:firebase-messaging:25.0.1] AndroidManifest.xml:26:22-79
40    <uses-permission android:name="com.google.android.finsky.permission.BIND_GET_INSTALL_REFERRER_SERVICE" />
40-->[com.google.android.gms:play-services-measurement:23.0.0] AndroidManifest.xml:26:5-110
40-->[com.google.android.gms:play-services-measurement:23.0.0] AndroidManifest.xml:26:22-107
41    <uses-permission android:name="com.google.android.gms.permission.AD_ID" />
41-->[com.google.android.gms:play-services-measurement-api:23.0.0] AndroidManifest.xml:25:5-79
41-->[com.google.android.gms:play-services-measurement-api:23.0.0] AndroidManifest.xml:25:22-76
42    <uses-permission android:name="android.permission.ACCESS_ADSERVICES_ATTRIBUTION" />
42-->[com.google.android.gms:play-services-measurement-api:23.0.0] AndroidManifest.xml:26:5-88
42-->[com.google.android.gms:play-services-measurement-api:23.0.0] AndroidManifest.xml:26:22-85
43    <uses-permission android:name="android.permission.ACCESS_ADSERVICES_AD_ID" />
43-->[com.google.android.gms:play-services-measurement-api:23.0.0] AndroidManifest.xml:27:5-82
43-->[com.google.android.gms:play-services-measurement-api:23.0.0] AndroidManifest.xml:27:22-79
44    <uses-permission android:name="com.google.android.providers.gsf.permission.READ_GSERVICES" />
44-->[com.google.android.recaptcha:recaptcha:18.6.1] AndroidManifest.xml:9:5-98
44-->[com.google.android.recaptcha:recaptcha:18.6.1] AndroidManifest.xml:9:22-95
45    <uses-permission android:name="android.permission.FOREGROUND_SERVICE" />
45-->[androidx.work:work-runtime:2.11.0] AndroidManifest.xml:26:5-77
45-->[androidx.work:work-runtime:2.11.0] AndroidManifest.xml:26:22-74
46
47    <permission
47-->[androidx.core:core:1.17.0] AndroidManifest.xml:22:5-24:47
48        android:name="dev.aurakai.auraframefx.app.debug.DYNAMIC_RECEIVER_NOT_EXPORTED_PERMISSION"
48-->[androidx.core:core:1.17.0] AndroidManifest.xml:23:9-81
49        android:protectionLevel="signature" />
49-->[androidx.core:core:1.17.0] AndroidManifest.xml:24:9-44
50
51    <uses-permission android:name="dev.aurakai.auraframefx.app.debug.DYNAMIC_RECEIVER_NOT_EXPORTED_PERMISSION" />
51-->[androidx.core:core:1.17.0] AndroidManifest.xml:26:5-97
51-->[androidx.core:core:1.17.0] AndroidManifest.xml:26:22-94
52    <uses-permission android:name="android.permission.REORDER_TASKS" />
52-->[androidx.test:core:1.5.0] AndroidManifest.xml:24:5-72
52-->[androidx.test:core:1.5.0] AndroidManifest.xml:24:22-69
53
54    <queries>
54-->[androidx.test:runner:1.5.0] AndroidManifest.xml:24:5-28:15
55        <package android:name="androidx.test.orchestrator" />
55-->[androidx.test:runner:1.5.0] AndroidManifest.xml:25:9-62
55-->[androidx.test:runner:1.5.0] AndroidManifest.xml:25:18-59
56        <package android:name="androidx.test.services" />
56-->[androidx.test:runner:1.5.0] AndroidManifest.xml:26:9-58
56-->[androidx.test:runner:1.5.0] AndroidManifest.xml:26:18-55
57        <package android:name="com.google.android.apps.common.testing.services" />
57-->[androidx.test:runner:1.5.0] AndroidManifest.xml:27:9-83
57-->[androidx.test:runner:1.5.0] AndroidManifest.xml:27:18-80
58    </queries> <!-- Application -->
59    <application
59-->src\main\AndroidManifest.xml:32:5-108:19
60        android:name="dev.aurakai.auraframefx.AurakaiApplication"
60-->src\main\AndroidManifest.xml:33:9-66
61        android:appComponentFactory="androidx.core.app.CoreComponentFactory"
61-->[androidx.core:core:1.17.0] AndroidManifest.xml:28:18-86
62        android:debuggable="true"
63        android:extractNativeLibs="false"
64        android:icon="@mipmap/ic_launcher"
64-->src\main\AndroidManifest.xml:34:9-43
65        android:label="@string/app_name"
65-->src\main\AndroidManifest.xml:35:9-41
66        android:testOnly="true"
67        android:theme="@style/Theme.dev.aurakai.auraframefx" >
67-->src\main\AndroidManifest.xml:36:9-61
68
69        <!-- Xposed Module Metadata -->
70        <meta-data
70-->src\main\AndroidManifest.xml:39:9-41:36
71            android:name="xposedmodule"
71-->src\main\AndroidManifest.xml:40:13-40
72            android:value="true" />
72-->src\main\AndroidManifest.xml:41:13-33
73        <meta-data
73-->src\main\AndroidManifest.xml:42:9-44:34
74            android:name="xposedminversion"
74-->src\main\AndroidManifest.xml:43:13-44
75            android:value="82" />
75-->src\main\AndroidManifest.xml:44:13-31
76        <meta-data
76-->src\main\AndroidManifest.xml:45:9-47:54
77            android:name="xposedscope"
77-->src\main\AndroidManifest.xml:46:13-39
78            android:resource="@array/xposed_scope" />
78-->src\main\AndroidManifest.xml:47:13-51
79
80        <!-- YukiHook API Metadata -->
81        <meta-data
81-->src\main\AndroidManifest.xml:50:9-52:36
82            android:name="yukihookapi_module"
82-->src\main\AndroidManifest.xml:51:13-46
83            android:value="true" />
83-->src\main\AndroidManifest.xml:52:13-33
84        <meta-data
84-->src\main\AndroidManifest.xml:53:9-55:55
85            android:name="yukihookapi_module_name"
85-->src\main\AndroidManifest.xml:54:13-51
86            android:value="Genesis-OS AI Framework" />
86-->src\main\AndroidManifest.xml:55:13-52
87        <meta-data
87-->src\main\AndroidManifest.xml:56:9-58:37
88            android:name="yukihookapi_module_version"
88-->src\main\AndroidManifest.xml:57:13-54
89            android:value="1.0.0" />
89-->src\main\AndroidManifest.xml:58:13-34
90
91        <provider
92            android:name="androidx.startup.InitializationProvider"
92-->src\main\AndroidManifest.xml:61:13-67
93            android:authorities="dev.aurakai.auraframefx.app.debug.androidx-startup"
93-->src\main\AndroidManifest.xml:62:13-68
94            android:exported="false" >
94-->src\main\AndroidManifest.xml:63:13-37
95            <meta-data
95-->src\main\AndroidManifest.xml:65:13-67:52
96                android:name="dev.aurakai.auraframefx.core.initialization.AppInitializerInitializer"
96-->src\main\AndroidManifest.xml:66:17-101
97                android:value="androidx.startup" />
97-->src\main\AndroidManifest.xml:67:17-49
98            <meta-data
98-->[androidx.work:work-runtime:2.11.0] AndroidManifest.xml:34:13-36:52
99                android:name="androidx.work.WorkManagerInitializer"
99-->[androidx.work:work-runtime:2.11.0] AndroidManifest.xml:35:17-68
100                android:value="androidx.startup" />
100-->[androidx.work:work-runtime:2.11.0] AndroidManifest.xml:36:17-49
101            <meta-data
101-->[androidx.emoji2:emoji2:1.4.0] AndroidManifest.xml:29:13-31:52
102                android:name="androidx.emoji2.text.EmojiCompatInitializer"
102-->[androidx.emoji2:emoji2:1.4.0] AndroidManifest.xml:30:17-75
103                android:value="androidx.startup" />
103-->[androidx.emoji2:emoji2:1.4.0] AndroidManifest.xml:31:17-49
104            <meta-data
104-->[androidx.lifecycle:lifecycle-process:2.9.4] AndroidManifest.xml:29:13-31:52
105                android:name="androidx.lifecycle.ProcessLifecycleInitializer"
105-->[androidx.lifecycle:lifecycle-process:2.9.4] AndroidManifest.xml:30:17-78
106                android:value="androidx.startup" />
106-->[androidx.lifecycle:lifecycle-process:2.9.4] AndroidManifest.xml:31:17-49
107            <meta-data
107-->[com.squareup.okhttp3:okhttp-android:5.2.1] AndroidManifest.xml:16:13-18:52
108                android:name="okhttp3.internal.platform.PlatformInitializer"
108-->[com.squareup.okhttp3:okhttp-android:5.2.1] AndroidManifest.xml:17:17-77
109                android:value="androidx.startup" />
109-->[com.squareup.okhttp3:okhttp-android:5.2.1] AndroidManifest.xml:18:17-49
110            <meta-data
110-->[androidx.profileinstaller:profileinstaller:1.4.0] AndroidManifest.xml:29:13-31:52
111                android:name="androidx.profileinstaller.ProfileInstallerInitializer"
111-->[androidx.profileinstaller:profileinstaller:1.4.0] AndroidManifest.xml:30:17-85
112                android:value="androidx.startup" />
112-->[androidx.profileinstaller:profileinstaller:1.4.0] AndroidManifest.xml:31:17-49
113        </provider>
114
115        <activity
115-->src\main\AndroidManifest.xml:70:9-77:20
116            android:name="dev.aurakai.auraframefx.MainActivity"
116-->src\main\AndroidManifest.xml:71:13-64
117            android:exported="true" >
117-->src\main\AndroidManifest.xml:72:13-36
118            <intent-filter>
118-->src\main\AndroidManifest.xml:73:13-76:29
119                <action android:name="android.intent.action.MAIN" />
119-->src\main\AndroidManifest.xml:74:17-69
119-->src\main\AndroidManifest.xml:74:25-66
120
121                <category android:name="android.intent.category.LAUNCHER" />
121-->src\main\AndroidManifest.xml:75:17-77
121-->src\main\AndroidManifest.xml:75:27-74
122            </intent-filter>
123        </activity>
124
125        <service
125-->src\main\AndroidManifest.xml:79:9-81:40
126            android:name="dev.aurakai.auraframefx.VertexSyncService"
126-->src\main\AndroidManifest.xml:80:13-46
127            android:exported="false" />
127-->src\main\AndroidManifest.xml:81:13-37
128        <service
128-->src\main\AndroidManifest.xml:82:9-84:40
129            android:name="dev.aurakai.auraframefx.security.IntegrityMonitorService"
129-->src\main\AndroidManifest.xml:83:13-61
130            android:exported="false" />
130-->src\main\AndroidManifest.xml:84:13-37
131        <service
131-->src\main\AndroidManifest.xml:85:9-88:56
132            android:name="dev.aurakai.auraframefx.services.BackupService"
132-->src\main\AndroidManifest.xml:86:13-51
133            android:exported="false"
133-->src\main\AndroidManifest.xml:87:13-37
134            android:foregroundServiceType="dataSync" />
134-->src\main\AndroidManifest.xml:88:13-53
135
136        <receiver
136-->src\main\AndroidManifest.xml:90:9-97:20
137            android:name="dev.aurakai.auraframefx.receivers.BootCompletedReceiver"
137-->src\main\AndroidManifest.xml:91:13-60
138            android:enabled="true"
138-->src\main\AndroidManifest.xml:92:13-35
139            android:exported="true" >
139-->src\main\AndroidManifest.xml:93:13-36
140            <intent-filter>
140-->src\main\AndroidManifest.xml:94:13-96:29
141                <action android:name="android.intent.action.BOOT_COMPLETED" />
141-->src\main\AndroidManifest.xml:95:17-79
141-->src\main\AndroidManifest.xml:95:25-76
142            </intent-filter>
143        </receiver>
144
145        <!-- Integrity Violation Receiver -->
146        <receiver
146-->src\main\AndroidManifest.xml:100:9-107:20
147            android:name="dev.aurakai.auraframefx.security.IntegrityViolationReceiver"
147-->src\main\AndroidManifest.xml:101:13-64
148            android:exported="false"
148-->src\main\AndroidManifest.xml:102:13-37
149            android:permission="dev.aurakai.auraframefx.permission.RECEIVE_INTEGRITY_VIOLATION" >
149-->src\main\AndroidManifest.xml:103:13-96
150            <intent-filter>
150-->src\main\AndroidManifest.xml:104:13-106:29
151                <action android:name="dev.aurakai.auraframefx.action.INTEGRITY_VIOLATION" />
151-->src\main\AndroidManifest.xml:105:17-93
151-->src\main\AndroidManifest.xml:105:25-90
152            </intent-filter>
153        </receiver>
154
155        <service
155-->[com.google.firebase:firebase-perf:22.0.2] AndroidManifest.xml:11:9-20:19
156            android:name="com.google.firebase.components.ComponentDiscoveryService"
156-->[com.google.firebase:firebase-perf:22.0.2] AndroidManifest.xml:12:13-84
157            android:directBootAware="true"
157-->[com.google.firebase:firebase-common:22.0.1] AndroidManifest.xml:32:13-43
158            android:exported="false" >
158-->[com.google.firebase:firebase-perf:22.0.2] AndroidManifest.xml:13:13-37
159            <meta-data
159-->[com.google.firebase:firebase-perf:22.0.2] AndroidManifest.xml:14:13-16:85
160                android:name="com.google.firebase.components:com.google.firebase.perf.FirebasePerfKtxRegistrar"
160-->[com.google.firebase:firebase-perf:22.0.2] AndroidManifest.xml:15:17-112
161                android:value="com.google.firebase.components.ComponentRegistrar" />
161-->[com.google.firebase:firebase-perf:22.0.2] AndroidManifest.xml:16:17-82
162            <meta-data
162-->[com.google.firebase:firebase-perf:22.0.2] AndroidManifest.xml:17:13-19:85
163                android:name="com.google.firebase.components:com.google.firebase.perf.FirebasePerfRegistrar"
163-->[com.google.firebase:firebase-perf:22.0.2] AndroidManifest.xml:18:17-109
164                android:value="com.google.firebase.components.ComponentRegistrar" />
164-->[com.google.firebase:firebase-perf:22.0.2] AndroidManifest.xml:19:17-82
165            <meta-data
165-->[com.google.firebase:firebase-auth-ktx:23.2.1] AndroidManifest.xml:11:13-13:85
166                android:name="com.google.firebase.components:com.google.firebase.auth.ktx.FirebaseAuthLegacyRegistrar"
166-->[com.google.firebase:firebase-auth-ktx:23.2.1] AndroidManifest.xml:12:17-119
167                android:value="com.google.firebase.components.ComponentRegistrar" />
167-->[com.google.firebase:firebase-auth-ktx:23.2.1] AndroidManifest.xml:13:17-82
168            <meta-data
168-->[com.google.firebase:firebase-auth:24.0.1] AndroidManifest.xml:69:13-71:85
169                android:name="com.google.firebase.components:com.google.firebase.auth.FirebaseAuthRegistrar"
169-->[com.google.firebase:firebase-auth:24.0.1] AndroidManifest.xml:70:17-109
170                android:value="com.google.firebase.components.ComponentRegistrar" />
170-->[com.google.firebase:firebase-auth:24.0.1] AndroidManifest.xml:71:17-82
171            <meta-data
171-->[com.google.firebase:firebase-firestore:26.0.2] AndroidManifest.xml:17:13-19:85
172                android:name="com.google.firebase.components:com.google.firebase.firestore.FirebaseFirestoreKtxRegistrar"
172-->[com.google.firebase:firebase-firestore:26.0.2] AndroidManifest.xml:18:17-122
173                android:value="com.google.firebase.components.ComponentRegistrar" />
173-->[com.google.firebase:firebase-firestore:26.0.2] AndroidManifest.xml:19:17-82
174            <meta-data
174-->[com.google.firebase:firebase-firestore:26.0.2] AndroidManifest.xml:20:13-22:85
175                android:name="com.google.firebase.components:com.google.firebase.firestore.FirestoreRegistrar"
175-->[com.google.firebase:firebase-firestore:26.0.2] AndroidManifest.xml:21:17-111
176                android:value="com.google.firebase.components.ComponentRegistrar" />
176-->[com.google.firebase:firebase-firestore:26.0.2] AndroidManifest.xml:22:17-82
177            <meta-data
177-->[com.google.firebase:firebase-messaging:25.0.1] AndroidManifest.xml:57:13-59:85
178                android:name="com.google.firebase.components:com.google.firebase.messaging.FirebaseMessagingKtxRegistrar"
178-->[com.google.firebase:firebase-messaging:25.0.1] AndroidManifest.xml:58:17-122
179                android:value="com.google.firebase.components.ComponentRegistrar" />
179-->[com.google.firebase:firebase-messaging:25.0.1] AndroidManifest.xml:59:17-82
180            <meta-data
180-->[com.google.firebase:firebase-messaging:25.0.1] AndroidManifest.xml:60:13-62:85
181                android:name="com.google.firebase.components:com.google.firebase.messaging.FirebaseMessagingRegistrar"
181-->[com.google.firebase:firebase-messaging:25.0.1] AndroidManifest.xml:61:17-119
182                android:value="com.google.firebase.components.ComponentRegistrar" />
182-->[com.google.firebase:firebase-messaging:25.0.1] AndroidManifest.xml:62:17-82
183            <meta-data
183-->[com.google.android.gms:play-services-measurement-api:23.0.0] AndroidManifest.xml:33:13-35:85
184                android:name="com.google.firebase.components:com.google.firebase.analytics.connector.internal.AnalyticsConnectorRegistrar"
184-->[com.google.android.gms:play-services-measurement-api:23.0.0] AndroidManifest.xml:34:17-139
185                android:value="com.google.firebase.components.ComponentRegistrar" />
185-->[com.google.android.gms:play-services-measurement-api:23.0.0] AndroidManifest.xml:35:17-82
186            <meta-data
186-->[com.google.firebase:firebase-crashlytics:20.0.3] AndroidManifest.xml:15:13-17:85
187                android:name="com.google.firebase.components:com.google.firebase.crashlytics.FirebaseCrashlyticsKtxRegistrar"
187-->[com.google.firebase:firebase-crashlytics:20.0.3] AndroidManifest.xml:16:17-126
188                android:value="com.google.firebase.components.ComponentRegistrar" />
188-->[com.google.firebase:firebase-crashlytics:20.0.3] AndroidManifest.xml:17:17-82
189            <meta-data
189-->[com.google.firebase:firebase-crashlytics:20.0.3] AndroidManifest.xml:18:13-20:85
190                android:name="com.google.firebase.components:com.google.firebase.crashlytics.CrashlyticsRegistrar"
190-->[com.google.firebase:firebase-crashlytics:20.0.3] AndroidManifest.xml:19:17-115
191                android:value="com.google.firebase.components.ComponentRegistrar" />
191-->[com.google.firebase:firebase-crashlytics:20.0.3] AndroidManifest.xml:20:17-82
192            <meta-data
192-->[com.google.firebase:firebase-config:23.0.1] AndroidManifest.xml:29:13-31:85
193                android:name="com.google.firebase.components:com.google.firebase.remoteconfig.FirebaseRemoteConfigKtxRegistrar"
193-->[com.google.firebase:firebase-config:23.0.1] AndroidManifest.xml:30:17-128
194                android:value="com.google.firebase.components.ComponentRegistrar" />
194-->[com.google.firebase:firebase-config:23.0.1] AndroidManifest.xml:31:17-82
195            <meta-data
195-->[com.google.firebase:firebase-config:23.0.1] AndroidManifest.xml:32:13-34:85
196                android:name="com.google.firebase.components:com.google.firebase.remoteconfig.RemoteConfigRegistrar"
196-->[com.google.firebase:firebase-config:23.0.1] AndroidManifest.xml:33:17-117
197                android:value="com.google.firebase.components.ComponentRegistrar" />
197-->[com.google.firebase:firebase-config:23.0.1] AndroidManifest.xml:34:17-82
198            <meta-data
198-->[com.google.firebase:firebase-abt:21.1.1] AndroidManifest.xml:12:13-14:85
199                android:name="com.google.firebase.components:com.google.firebase.abt.component.AbtRegistrar"
199-->[com.google.firebase:firebase-abt:21.1.1] AndroidManifest.xml:13:17-109
200                android:value="com.google.firebase.components.ComponentRegistrar" />
200-->[com.google.firebase:firebase-abt:21.1.1] AndroidManifest.xml:14:17-82
201            <meta-data
201-->[com.google.firebase:firebase-sessions:3.0.3] AndroidManifest.xml:25:13-27:85
202                android:name="com.google.firebase.components:com.google.firebase.sessions.FirebaseSessionsRegistrar"
202-->[com.google.firebase:firebase-sessions:3.0.3] AndroidManifest.xml:26:17-117
203                android:value="com.google.firebase.components.ComponentRegistrar" />
203-->[com.google.firebase:firebase-sessions:3.0.3] AndroidManifest.xml:27:17-82
204            <meta-data
204-->[com.google.firebase:firebase-installations:19.0.1] AndroidManifest.xml:15:13-17:85
205                android:name="com.google.firebase.components:com.google.firebase.installations.FirebaseInstallationsKtxRegistrar"
205-->[com.google.firebase:firebase-installations:19.0.1] AndroidManifest.xml:16:17-130
206                android:value="com.google.firebase.components.ComponentRegistrar" />
206-->[com.google.firebase:firebase-installations:19.0.1] AndroidManifest.xml:17:17-82
207            <meta-data
207-->[com.google.firebase:firebase-installations:19.0.1] AndroidManifest.xml:18:13-20:85
208                android:name="com.google.firebase.components:com.google.firebase.installations.FirebaseInstallationsRegistrar"
208-->[com.google.firebase:firebase-installations:19.0.1] AndroidManifest.xml:19:17-127
209                android:value="com.google.firebase.components.ComponentRegistrar" />
209-->[com.google.firebase:firebase-installations:19.0.1] AndroidManifest.xml:20:17-82
210            <meta-data
210-->[com.google.firebase:firebase-common-ktx:21.0.0] AndroidManifest.xml:12:13-14:85
211                android:name="com.google.firebase.components:com.google.firebase.ktx.FirebaseCommonLegacyRegistrar"
211-->[com.google.firebase:firebase-common-ktx:21.0.0] AndroidManifest.xml:13:17-116
212                android:value="com.google.firebase.components.ComponentRegistrar" />
212-->[com.google.firebase:firebase-common-ktx:21.0.0] AndroidManifest.xml:14:17-82
213            <meta-data
213-->[com.google.firebase:firebase-common:22.0.1] AndroidManifest.xml:35:13-37:85
214                android:name="com.google.firebase.components:com.google.firebase.FirebaseCommonKtxRegistrar"
214-->[com.google.firebase:firebase-common:22.0.1] AndroidManifest.xml:36:17-109
215                android:value="com.google.firebase.components.ComponentRegistrar" />
215-->[com.google.firebase:firebase-common:22.0.1] AndroidManifest.xml:37:17-82
216            <meta-data
216-->[com.google.firebase:firebase-datatransport:19.0.0] AndroidManifest.xml:25:13-27:85
217                android:name="com.google.firebase.components:com.google.firebase.datatransport.TransportRegistrar"
217-->[com.google.firebase:firebase-datatransport:19.0.0] AndroidManifest.xml:26:17-115
218                android:value="com.google.firebase.components.ComponentRegistrar" />
218-->[com.google.firebase:firebase-datatransport:19.0.0] AndroidManifest.xml:27:17-82
219        </service>
220
221        <activity
221-->[com.google.firebase:firebase-auth:24.0.1] AndroidManifest.xml:29:9-46:20
222            android:name="com.google.firebase.auth.internal.GenericIdpActivity"
222-->[com.google.firebase:firebase-auth:24.0.1] AndroidManifest.xml:30:13-80
223            android:excludeFromRecents="true"
223-->[com.google.firebase:firebase-auth:24.0.1] AndroidManifest.xml:31:13-46
224            android:exported="true"
224-->[com.google.firebase:firebase-auth:24.0.1] AndroidManifest.xml:32:13-36
225            android:launchMode="singleTask"
225-->[com.google.firebase:firebase-auth:24.0.1] AndroidManifest.xml:33:13-44
226            android:theme="@android:style/Theme.Translucent.NoTitleBar" >
226-->[com.google.firebase:firebase-auth:24.0.1] AndroidManifest.xml:34:13-72
227            <intent-filter>
227-->[com.google.firebase:firebase-auth:24.0.1] AndroidManifest.xml:35:13-45:29
228                <action android:name="android.intent.action.VIEW" />
228-->[com.google.firebase:firebase-auth:24.0.1] AndroidManifest.xml:36:17-69
228-->[com.google.firebase:firebase-auth:24.0.1] AndroidManifest.xml:36:25-66
229
230                <category android:name="android.intent.category.DEFAULT" />
230-->[com.google.firebase:firebase-auth:24.0.1] AndroidManifest.xml:38:17-76
230-->[com.google.firebase:firebase-auth:24.0.1] AndroidManifest.xml:38:27-73
231                <category android:name="android.intent.category.BROWSABLE" />
231-->[com.google.firebase:firebase-auth:24.0.1] AndroidManifest.xml:39:17-78
231-->[com.google.firebase:firebase-auth:24.0.1] AndroidManifest.xml:39:27-75
232
233                <data
233-->[com.google.firebase:firebase-auth:24.0.1] AndroidManifest.xml:41:17-44:51
234                    android:host="firebase.auth"
234-->[com.google.firebase:firebase-auth:24.0.1] AndroidManifest.xml:42:21-49
235                    android:path="/"
235-->[com.google.firebase:firebase-auth:24.0.1] AndroidManifest.xml:43:21-37
236                    android:scheme="genericidp" />
236-->[com.google.firebase:firebase-auth:24.0.1] AndroidManifest.xml:44:21-48
237            </intent-filter>
238        </activity>
239        <activity
239-->[com.google.firebase:firebase-auth:24.0.1] AndroidManifest.xml:47:9-64:20
240            android:name="com.google.firebase.auth.internal.RecaptchaActivity"
240-->[com.google.firebase:firebase-auth:24.0.1] AndroidManifest.xml:48:13-79
241            android:excludeFromRecents="true"
241-->[com.google.firebase:firebase-auth:24.0.1] AndroidManifest.xml:49:13-46
242            android:exported="true"
242-->[com.google.firebase:firebase-auth:24.0.1] AndroidManifest.xml:50:13-36
243            android:launchMode="singleTask"
243-->[com.google.firebase:firebase-auth:24.0.1] AndroidManifest.xml:51:13-44
244            android:theme="@android:style/Theme.Translucent.NoTitleBar" >
244-->[com.google.firebase:firebase-auth:24.0.1] AndroidManifest.xml:52:13-72
245            <intent-filter>
245-->[com.google.firebase:firebase-auth:24.0.1] AndroidManifest.xml:53:13-63:29
246                <action android:name="android.intent.action.VIEW" />
246-->[com.google.firebase:firebase-auth:24.0.1] AndroidManifest.xml:36:17-69
246-->[com.google.firebase:firebase-auth:24.0.1] AndroidManifest.xml:36:25-66
247
248                <category android:name="android.intent.category.DEFAULT" />
248-->[com.google.firebase:firebase-auth:24.0.1] AndroidManifest.xml:38:17-76
248-->[com.google.firebase:firebase-auth:24.0.1] AndroidManifest.xml:38:27-73
249                <category android:name="android.intent.category.BROWSABLE" />
249-->[com.google.firebase:firebase-auth:24.0.1] AndroidManifest.xml:39:17-78
249-->[com.google.firebase:firebase-auth:24.0.1] AndroidManifest.xml:39:27-75
250
251                <data
251-->[com.google.firebase:firebase-auth:24.0.1] AndroidManifest.xml:41:17-44:51
252                    android:host="firebase.auth"
252-->[com.google.firebase:firebase-auth:24.0.1] AndroidManifest.xml:42:21-49
253                    android:path="/"
253-->[com.google.firebase:firebase-auth:24.0.1] AndroidManifest.xml:43:21-37
254                    android:scheme="recaptcha" />
254-->[com.google.firebase:firebase-auth:24.0.1] AndroidManifest.xml:44:21-48
255            </intent-filter>
256        </activity>
257
258        <receiver
258-->[com.google.firebase:firebase-messaging:25.0.1] AndroidManifest.xml:29:9-40:20
259            android:name="com.google.firebase.iid.FirebaseInstanceIdReceiver"
259-->[com.google.firebase:firebase-messaging:25.0.1] AndroidManifest.xml:30:13-78
260            android:exported="true"
260-->[com.google.firebase:firebase-messaging:25.0.1] AndroidManifest.xml:31:13-36
261            android:permission="com.google.android.c2dm.permission.SEND" >
261-->[com.google.firebase:firebase-messaging:25.0.1] AndroidManifest.xml:32:13-73
262            <intent-filter>
262-->[com.google.firebase:firebase-messaging:25.0.1] AndroidManifest.xml:33:13-35:29
263                <action android:name="com.google.android.c2dm.intent.RECEIVE" />